<?xml version="1.0" encoding="UTF-8"?>
<!-- Generated by org.testng.reporters.JUnitXMLReporter -->
<testsuite hostname="Sachin-PC" ignored="0" name="Default test" tests="4" failures="0" timestamp="17 Jul 2018 22:20:07 GMT" time="5.499" errors="0">
  <testcase name="perfomLogin" time="3.883" classname="com.scp.besicsproject.CrudHibernate.PerfomAuthenticationTest"/>
  <testcase name="perfomLogin" time="0.01" classname="com.scp.besicsproject.CrudHibernate.PerfomAuthenticationTest"/>
  <testcase name="perfomLogin" time="0.091" classname="com.scp.besicsproject.CrudHibernate.PerfomAuthenticationTest"/>
  <testcase name="perfomLogin" time="0.059" classname="com.scp.besicsproject.CrudHibernate.PerfomAuthenticationTest"/>
</testsuite> <!-- Default test -->
