<?xml version="1.0" encoding="UTF-8"?>
<testng-results skipped="0" failed="0" ignored="0" total="4" passed="4">
  <reporter-output>
  </reporter-output>
  <suite name="Default suite" duration-ms="5499" started-at="2018-07-17T22:20:01Z" finished-at="2018-07-17T22:20:07Z">
    <groups>
    </groups>
    <test name="Default test" duration-ms="5499" started-at="2018-07-17T22:20:01Z" finished-at="2018-07-17T22:20:07Z">
      <class name="com.scp.besicsproject.CrudHibernate.PerfomAuthenticationTest">
        <test-method status="PASS" signature="perfomLogin(java.lang.String, java.lang.String, java.lang.String)[pri:0, instance:com.scp.besicsproject.CrudHibernate.PerfomAuthenticationTest@4b9e13df]" name="perfomLogin" duration-ms="3883" started-at="2018-07-17T22:20:03Z" data-provider="getTestData" finished-at="2018-07-17T22:20:07Z">
          <params>
            <param index="0">
              <value>
                <![CDATA[Sachin]]>
              </value>
            </param>
            <param index="1">
              <value>
                <![CDATA[sa123]]>
              </value>
            </param>
            <param index="2">
              <value>
                <![CDATA[Success]]>
              </value>
            </param>
          </params>
          <reporter-output>
          </reporter-output>
        </test-method> <!-- perfomLogin -->
        <test-method status="PASS" signature="perfomLogin(java.lang.String, java.lang.String, java.lang.String)[pri:0, instance:com.scp.besicsproject.CrudHibernate.PerfomAuthenticationTest@4b9e13df]" name="perfomLogin" duration-ms="10" started-at="2018-07-17T22:20:07Z" data-provider="getTestData" finished-at="2018-07-17T22:20:07Z">
          <params>
            <param index="0">
              <value is-null="true"/>
            </param>
            <param index="1">
              <value>
                <![CDATA[sa123]]>
              </value>
            </param>
            <param index="2">
              <value>
                <![CDATA[UserName cannot be Empty]]>
              </value>
            </param>
          </params>
          <reporter-output>
          </reporter-output>
        </test-method> <!-- perfomLogin -->
        <test-method status="PASS" signature="perfomLogin(java.lang.String, java.lang.String, java.lang.String)[pri:0, instance:com.scp.besicsproject.CrudHibernate.PerfomAuthenticationTest@4b9e13df]" name="perfomLogin" duration-ms="91" started-at="2018-07-17T22:20:07Z" data-provider="getTestData" finished-at="2018-07-17T22:20:07Z">
          <params>
            <param index="0">
              <value>
                <![CDATA[Sachin]]>
              </value>
            </param>
            <param index="1">
              <value is-null="true"/>
            </param>
            <param index="2">
              <value>
                <![CDATA[Password cannot be Empty]]>
              </value>
            </param>
          </params>
          <reporter-output>
          </reporter-output>
        </test-method> <!-- perfomLogin -->
        <test-method status="PASS" signature="perfomLogin(java.lang.String, java.lang.String, java.lang.String)[pri:0, instance:com.scp.besicsproject.CrudHibernate.PerfomAuthenticationTest@4b9e13df]" name="perfomLogin" duration-ms="59" started-at="2018-07-17T22:20:07Z" data-provider="getTestData" finished-at="2018-07-17T22:20:07Z">
          <params>
            <param index="0">
              <value>
                <![CDATA[ss]]>
              </value>
            </param>
            <param index="1">
              <value>
                <![CDATA[ssd]]>
              </value>
            </param>
            <param index="2">
              <value>
                <![CDATA[Invalid Credentials]]>
              </value>
            </param>
          </params>
          <reporter-output>
          </reporter-output>
        </test-method> <!-- perfomLogin -->
      </class> <!-- com.scp.besicsproject.CrudHibernate.PerfomAuthenticationTest -->
    </test> <!-- Default test -->
  </suite> <!-- Default suite -->
</testng-results>
